[ 2023-04-25 01:27:46,548 ] root - INFO - Entered the start_data_ingestion method of TrainPipeline class
[ 2023-04-25 01:27:46,548 ] root - INFO - Starting data ingestion
[ 2023-04-25 01:27:46,567 ] root - INFO - Consider Local csv file
[ 2023-04-25 01:27:47,763 ] root - INFO - Shape of dataframe: (36188, 171)
[ 2023-04-25 01:27:47,845 ] root - INFO - Shape of dataframe: (36188, 164)
[ 2023-04-25 01:27:47,846 ] root - INFO - Saving exported data into feature store file path: artifact/04_25_2023_01_27_45/data_ingestion/feature_store/sensor.csv
[ 2023-04-25 01:27:48,658 ] root - INFO - Shape of dataframe: (36188, 164)
[ 2023-04-25 01:27:48,658 ] root - INFO - Starting the train and test splittings
[ 2023-04-25 01:27:50,053 ] root - INFO - Data ingestion completed and artifact: DataIngestionArtifact(trained_file_path='artifact/04_25_2023_01_27_45/data_ingestion/ingested/train.csv', test_file_path='artifact/04_25_2023_01_27_45/data_ingestion/ingested/test.csv')
[ 2023-04-25 01:27:51,046 ] root - INFO - Missing numerical column: []
[ 2023-04-25 01:27:51,046 ] root - INFO - Valid Numerical Column : True
[ 2023-04-25 01:27:51,046 ] root - INFO - Missing numerical column: []
[ 2023-04-25 01:27:51,047 ] root - INFO - Required number of columns: 164
[ 2023-04-25 01:27:51,047 ] root - INFO - Data frame has columns: 164
[ 2023-04-25 01:27:51,047 ] root - INFO - Required number of columns: 164
[ 2023-04-25 01:27:51,047 ] root - INFO - Data frame has columns: 164
[ 2023-04-25 01:27:56,234 ] root - INFO - Data validation artifact: DataValidationArtifact(validation_status=False, valid_train_file_path='artifact/04_25_2023_01_27_45/data_ingestion/ingested/train.csv', valid_test_file_path='artifact/04_25_2023_01_27_45/data_ingestion/ingested/test.csv', invalid_train_file_path=None, invalid_test_file_path=None, drift_report_file_path='artifact/04_25_2023_01_27_45/data_validation/drift_report/report.yaml')
[ 2023-04-25 01:28:20,468 ] root - INFO - Entered the save_object method of MainUtils class
[ 2023-04-25 01:28:20,476 ] root - INFO - Exited the save_object method of MainUtils class
[ 2023-04-25 01:28:20,476 ] root - INFO - Data transformation artifact: DataTransformationArtifact(transformed_object_file_path='artifact/04_25_2023_01_27_45/data_transformation/transformed_object/preprocessing.pkl', transformed_train_file_path='artifact/04_25_2023_01_27_45/data_transformation/transformed/train.npy', transformed_test_file_path='artifact/04_25_2023_01_27_45/data_transformation/transformed/test.npy')
[ 2023-04-25 01:28:34,811 ] root - INFO - Entered the load_object method of MainUtils class
[ 2023-04-25 01:28:34,812 ] root - INFO - Exited the load_object method of MainUtils class
[ 2023-04-25 01:28:34,812 ] root - INFO - Entered the save_object method of MainUtils class
[ 2023-04-25 01:28:34,815 ] root - INFO - Exited the save_object method of MainUtils class
[ 2023-04-25 01:28:34,816 ] root - INFO - Model trainer artifact: ModelTrainerArtifact(trained_model_file_path='artifact/04_25_2023_01_27_45/model_trainer/trained_model/model.pkl', train_metric_artifact=ClassificationMetricArtifact(f1_score=1.0, precision_score=1.0, recall_score=1.0), test_metric_artifact=ClassificationMetricArtifact(f1_score=0.9803808006949976, precision_score=0.9941271472617824, recall_score=0.9670094258783205))
[ 2023-04-25 01:28:36,106 ] root - INFO - Model evaluation artifact: ModelEvaluationArtifact(is_model_accepted=True, improved_accuracy=None, best_model_path=None, trained_model_path='artifact/04_25_2023_01_27_45/model_trainer/trained_model/model.pkl', train_model_metric_artifact=ClassificationMetricArtifact(f1_score=0.9803808006949976, precision_score=0.9941271472617824, recall_score=0.9670094258783205), best_model_metric_artifact=None)
[ 2023-04-25 01:28:36,183 ] root - INFO - I'm Entring into initialize_model_pusher and trained_model_path
[ 2023-04-25 01:28:36,186 ] root - INFO - Model Pusher Artifact: ModelPusherArtifact(saved_model_path='saved_models/20230425_012745/20230425_012745/model.pkl', model_file_path='artifact/04_25_2023_01_27_45/model_pusher/model.pkl')
