[ 2023-04-23 22:30:44,317 ] root - INFO - Entered the start_data_ingestion method of TrainPipeline class
[ 2023-04-23 22:30:44,317 ] root - INFO - Starting data ingestion
[ 2023-04-23 22:30:44,336 ] root - INFO - Consider Local csv file
[ 2023-04-23 22:30:45,415 ] root - INFO - Shape of dataframe: (36188, 171)
[ 2023-04-23 22:30:45,494 ] root - INFO - Shape of dataframe: (36188, 164)
[ 2023-04-23 22:30:45,494 ] root - INFO - Saving exported data into feature store file path: artifact/04_23_2023_22_30_43/data_ingestion/feature_store/sensor.csv
[ 2023-04-23 22:30:46,216 ] root - INFO - Shape of dataframe: (36188, 164)
[ 2023-04-23 22:30:46,216 ] root - INFO - Starting the train and test splittings
[ 2023-04-23 22:30:47,716 ] root - INFO - Data ingestion completed and artifact: DataIngestionArtifact(trained_file_path='artifact/04_23_2023_22_30_43/data_ingestion/ingested/train.csv', test_file_path='artifact/04_23_2023_22_30_43/data_ingestion/ingested/test.csv')
[ 2023-04-23 22:30:48,723 ] root - INFO - Missing numerical column: []
[ 2023-04-23 22:30:48,723 ] root - INFO - Valid Numerical Column : True
[ 2023-04-23 22:30:48,723 ] root - INFO - Missing numerical column: []
[ 2023-04-23 22:30:48,723 ] root - INFO - Required number of columns: 164
[ 2023-04-23 22:30:48,723 ] root - INFO - Data frame has columns: 164
[ 2023-04-23 22:30:48,723 ] root - INFO - Required number of columns: 164
[ 2023-04-23 22:30:48,723 ] root - INFO - Data frame has columns: 164
[ 2023-04-23 22:30:53,587 ] root - INFO - Data validation artifact: DataValidationArtifact(validation_status=True, valid_train_file_path='artifact/04_23_2023_22_30_43/data_ingestion/ingested/train.csv', valid_test_file_path='artifact/04_23_2023_22_30_43/data_ingestion/ingested/test.csv', invalid_train_file_path=None, invalid_test_file_path=None, drift_report_file_path='artifact/04_23_2023_22_30_43/data_validation/drift_report/report.yaml')
[ 2023-04-23 22:31:11,366 ] root - INFO - Entered the save_object method of MainUtils class
[ 2023-04-23 22:31:11,370 ] root - INFO - Exited the save_object method of MainUtils class
[ 2023-04-23 22:31:11,371 ] root - INFO - Data transformation artifact: DataTransformationArtifact(transformed_object_file_path='artifact/04_23_2023_22_30_43/data_transformation/transformed_object/preprocessing.pkl', transformed_train_file_path='artifact/04_23_2023_22_30_43/data_transformation/transformed/train.npy', transformed_test_file_path='artifact/04_23_2023_22_30_43/data_transformation/transformed/test.npy')
[ 2023-04-23 22:31:23,164 ] root - INFO - Entered the load_object method of MainUtils class
[ 2023-04-23 22:31:23,164 ] root - INFO - Exited the load_object method of MainUtils class
[ 2023-04-23 22:31:23,165 ] root - INFO - Entered the save_object method of MainUtils class
[ 2023-04-23 22:31:23,171 ] root - INFO - Exited the save_object method of MainUtils class
[ 2023-04-23 22:31:23,175 ] root - INFO - Model trainer artifact: ModelTrainerArtifact(trained_model_file_path='artifact/04_23_2023_22_30_43/model_trainer/trained_model/model.pkl', train_metric_artifact=ClassificationMetricArtifact(f1_score=0.9999821705564569, precision_score=1.0, recall_score=0.9999643417486807), test_metric_artifact=ClassificationMetricArtifact(f1_score=0.9773834630208713, precision_score=0.9933481152993349, recall_score=0.9619238476953907))
