[ 2023-04-23 15:51:59,214 ] root - INFO - Entered the start_data_ingestion method of TrainPipeline class
[ 2023-04-23 15:51:59,217 ] root - INFO - Starting data ingestion
[ 2023-04-23 15:51:59,428 ] root - INFO - Consider Local csv file
[ 2023-04-23 15:52:01,373 ] root - INFO - Shape of dataframe: (36188, 171)
[ 2023-04-23 15:52:01,475 ] root - INFO - Shape of dataframe: (36188, 164)
[ 2023-04-23 15:52:01,476 ] root - INFO - Saving exported data into feature store file path: artifact/04_23_2023_15_51_39/data_ingestion/feature_store/sensor.csv
[ 2023-04-23 15:52:02,685 ] root - INFO - Shape of dataframe: (36188, 164)
[ 2023-04-23 15:52:02,685 ] root - INFO - Starting the train and test splittings
[ 2023-04-23 15:52:04,825 ] root - INFO - Data ingestion completed and artifact: DataIngestionArtifact(trained_file_path='artifact/04_23_2023_15_51_39/data_ingestion/ingested/train.csv', test_file_path='artifact/04_23_2023_15_51_39/data_ingestion/ingested/test.csv')
[ 2023-04-23 15:52:07,802 ] root - INFO - Missing numerical column: []
[ 2023-04-23 15:52:07,803 ] root - INFO - Valid Numerical Column : True
[ 2023-04-23 15:52:07,803 ] root - INFO - Missing numerical column: []
[ 2023-04-23 15:52:07,803 ] root - INFO - Required number of columns: 164
[ 2023-04-23 15:52:07,803 ] root - INFO - Data frame has columns: 164
[ 2023-04-23 15:52:07,804 ] root - INFO - Required number of columns: 164
[ 2023-04-23 15:52:07,804 ] root - INFO - Data frame has columns: 164
[ 2023-04-23 15:52:14,149 ] root - INFO - Data validation artifact: DataValidationArtifact(validation_status=False, valid_train_file_path='artifact/04_23_2023_15_51_39/data_ingestion/ingested/train.csv', valid_test_file_path='artifact/04_23_2023_15_51_39/data_ingestion/ingested/test.csv', invalid_train_file_path=None, invalid_test_file_path=None, drift_report_file_path='artifact/04_23_2023_15_51_39/data_validation/drift_report/report.yaml')
[ 2023-04-23 15:53:06,468 ] root - INFO - Starting data transformation
[ 2023-04-23 15:53:13,633 ] root - INFO - Entered get_data_transformer_object method of DataTransformation class
[ 2023-04-23 15:53:15,680 ] root - INFO - Got numerical cols from schema config
[ 2023-04-23 15:53:25,265 ] root - INFO - Initialized RobustScaler, Simple Imputer
[ 2023-04-23 15:53:30,515 ] root - INFO - Created preprocessor object from ColumnTransformer
[ 2023-04-23 15:53:32,758 ] root - INFO - Exited get_data_transformer_object method of DataTransformation class
[ 2023-04-23 15:53:46,026 ] root - INFO - Got the preprocessor object
