[ 2023-04-23 16:42:57,224 ] root - INFO - Entered the start_data_ingestion method of TrainPipeline class
[ 2023-04-23 16:42:57,226 ] root - INFO - Starting data ingestion
[ 2023-04-23 16:42:57,360 ] root - INFO - Consider Local csv file
[ 2023-04-23 16:42:58,515 ] root - INFO - Shape of dataframe: (36188, 171)
[ 2023-04-23 16:42:58,584 ] root - INFO - Shape of dataframe: (36188, 164)
[ 2023-04-23 16:42:58,585 ] root - INFO - Saving exported data into feature store file path: artifact/04_23_2023_16_42_51/data_ingestion/feature_store/sensor.csv
[ 2023-04-23 16:42:59,573 ] root - INFO - Shape of dataframe: (36188, 164)
[ 2023-04-23 16:42:59,573 ] root - INFO - Starting the train and test splittings
[ 2023-04-23 16:43:01,359 ] root - INFO - Data ingestion completed and artifact: DataIngestionArtifact(trained_file_path='artifact/04_23_2023_16_42_51/data_ingestion/ingested/train.csv', test_file_path='artifact/04_23_2023_16_42_51/data_ingestion/ingested/test.csv')
[ 2023-04-23 16:43:03,724 ] root - INFO - Missing numerical column: []
[ 2023-04-23 16:43:03,725 ] root - INFO - Valid Numerical Column : True
[ 2023-04-23 16:43:03,725 ] root - INFO - Missing numerical column: []
[ 2023-04-23 16:43:03,725 ] root - INFO - Required number of columns: 164
[ 2023-04-23 16:43:03,725 ] root - INFO - Data frame has columns: 164
[ 2023-04-23 16:43:03,725 ] root - INFO - Required number of columns: 164
[ 2023-04-23 16:43:03,726 ] root - INFO - Data frame has columns: 164
[ 2023-04-23 16:43:09,123 ] root - INFO - Data validation artifact: DataValidationArtifact(validation_status=False, valid_train_file_path='artifact/04_23_2023_16_42_51/data_ingestion/ingested/train.csv', valid_test_file_path='artifact/04_23_2023_16_42_51/data_ingestion/ingested/test.csv', invalid_train_file_path=None, invalid_test_file_path=None, drift_report_file_path='artifact/04_23_2023_16_42_51/data_validation/drift_report/report.yaml')
[ 2023-04-23 16:43:21,516 ] root - INFO - Starting data transformation
[ 2023-04-23 16:43:29,959 ] root - INFO - Got the preprocessor object
[ 2023-04-23 16:43:45,497 ] root - INFO - Got train features and test features of Training dataset
[ 2023-04-23 16:43:54,146 ] root - INFO - Got train features and test features of Testing dataset
[ 2023-04-23 16:43:58,966 ] root - INFO - Applying preprocessing object on training dataframe and testing dataframe
