[ 2023-04-23 16:44:43,710 ] root - INFO - Entered the start_data_ingestion method of TrainPipeline class
[ 2023-04-23 16:44:43,710 ] root - INFO - Starting data ingestion
[ 2023-04-23 16:44:43,731 ] root - INFO - Consider Local csv file
[ 2023-04-23 16:44:44,928 ] root - INFO - Shape of dataframe: (36188, 171)
[ 2023-04-23 16:44:44,988 ] root - INFO - Shape of dataframe: (36188, 164)
[ 2023-04-23 16:44:44,988 ] root - INFO - Saving exported data into feature store file path: artifact/04_23_2023_16_44_43/data_ingestion/feature_store/sensor.csv
[ 2023-04-23 16:44:45,923 ] root - INFO - Shape of dataframe: (36188, 164)
[ 2023-04-23 16:44:45,923 ] root - INFO - Starting the train and test splittings
[ 2023-04-23 16:44:47,962 ] root - INFO - Data ingestion completed and artifact: DataIngestionArtifact(trained_file_path='artifact/04_23_2023_16_44_43/data_ingestion/ingested/train.csv', test_file_path='artifact/04_23_2023_16_44_43/data_ingestion/ingested/test.csv')
[ 2023-04-23 16:44:49,463 ] root - INFO - Missing numerical column: []
[ 2023-04-23 16:44:49,463 ] root - INFO - Valid Numerical Column : True
[ 2023-04-23 16:44:49,463 ] root - INFO - Missing numerical column: []
[ 2023-04-23 16:44:49,463 ] root - INFO - Required number of columns: 164
[ 2023-04-23 16:44:49,463 ] root - INFO - Data frame has columns: 164
[ 2023-04-23 16:44:49,464 ] root - INFO - Required number of columns: 164
[ 2023-04-23 16:44:49,464 ] root - INFO - Data frame has columns: 164
[ 2023-04-23 16:44:54,844 ] root - INFO - Data validation artifact: DataValidationArtifact(validation_status=False, valid_train_file_path='artifact/04_23_2023_16_44_43/data_ingestion/ingested/train.csv', valid_test_file_path='artifact/04_23_2023_16_44_43/data_ingestion/ingested/test.csv', invalid_train_file_path=None, invalid_test_file_path=None, drift_report_file_path='artifact/04_23_2023_16_44_43/data_validation/drift_report/report.yaml')
[ 2023-04-23 16:44:54,889 ] root - INFO - Starting data transformation
[ 2023-04-23 16:44:54,889 ] root - INFO - Got the preprocessor object
[ 2023-04-23 16:44:56,088 ] root - INFO - Got train features and test features of Training dataset
[ 2023-04-23 16:44:56,101 ] root - INFO - Got train features and test features of Testing dataset
[ 2023-04-23 16:44:56,101 ] root - INFO - Applying preprocessing object on training dataframe and testing dataframe
[ 2023-04-23 16:44:56,587 ] root - INFO - Error occurred python script name [main.py] line number [8] error message [Error occurred python script name [/home/suyodhan/Documents/Data Science Project/current_project/Heyyyyyy/sensor/pipeline/training_pipeline.py] line number [82] error message [Error occurred python script name [/home/suyodhan/Documents/Data Science Project/current_project/Heyyyyyy/sensor/pipeline/training_pipeline.py] line number [60] error message [Error occurred python script name [/home/suyodhan/Documents/Data Science Project/current_project/Heyyyyyy/sensor/components/data_transformation.py] line number [100] error message [could not convert string to float: 'na']]]]
